<?xml version="1.0" encoding="UTF-8"?>
<testng-results ignored="0" total="1" passed="1" failed="0" skipped="0">
  <reporter-output>
  </reporter-output>
  <suite started-at="2022-10-19T17:26:28 PST" name="Default suite" finished-at="2022-10-19T17:27:09 PST" duration-ms="40819">
    <groups>
    </groups>
    <test started-at="2022-10-19T17:26:28 PST" name="Default test" finished-at="2022-10-19T17:27:09 PST" duration-ms="40819">
      <class name="ThisIsGroupID.ThisIsArtifactID.TclFwTestCase">
        <test-method is-config="true" signature="configureAppium()[pri:0, instance:ThisIsGroupID.ThisIsArtifactID.TclFwTestCase@5d0a1059]" started-at="2022-10-19T17:26:28 PST" name="configureAppium" finished-at="2022-10-19T17:26:44 PST" duration-ms="15952" status="PASS">
          <reporter-output>
          </reporter-output>
        </test-method> <!-- configureAppium -->
        <test-method signature="LaunchSos()[pri:0, instance:ThisIsGroupID.ThisIsArtifactID.TclFwTestCase@5d0a1059]" started-at="2022-10-19T17:26:44 PST" name="LaunchSos" finished-at="2022-10-19T17:27:09 PST" duration-ms="24668" status="PASS">
          <reporter-output>
          </reporter-output>
        </test-method> <!-- LaunchSos -->
        <test-method is-config="true" signature="tearDown()[pri:0, instance:ThisIsGroupID.ThisIsArtifactID.TclFwTestCase@5d0a1059]" started-at="2022-10-19T17:27:09 PST" name="tearDown" finished-at="2022-10-19T17:27:09 PST" duration-ms="179" status="PASS">
          <reporter-output>
          </reporter-output>
        </test-method> <!-- tearDown -->
      </class> <!-- ThisIsGroupID.ThisIsArtifactID.TclFwTestCase -->
    </test> <!-- Default test -->
  </suite> <!-- Default suite -->
</testng-results>
